

Microchip MPLAB XC8 Assembler V2.30 build 20200825195618 
                                                                                               Sun Jan 03 16:29:19 2021

Microchip MPLAB XC8 C Compiler v2.30 (Free license) build 20200825195618 Og1 
     1                           	processor	18F45K22
     2                           	fnconf	rparam,??,?,0
     3                           	pagewidth 120
     4                           	opt	flic
     5                           	psect	smallconst,global,reloc=2,class=SMALLCONST,delta=1,noexec
     6                           	psect	nvCOMRAM,global,class=COMRAM,space=1,delta=1,lowdata,noexec
     7                           	psect	cinit,global,reloc=2,class=CODE,delta=1
     8                           	psect	bssCOMRAM,global,class=COMRAM,space=1,delta=1,lowdata,noexec
     9                           	psect	cstackCOMRAM,global,class=COMRAM,space=1,delta=1,lowdata,noexec
    10                           	psect	text0,global,reloc=2,class=CODE,delta=1
    11                           	psect	text1,global,reloc=2,class=CODE,delta=1
    12                           	psect	intsave_regs,global,class=BIGRAM,space=1,delta=1,noexec
    13                           	psect	rparam,global,class=COMRAM,space=1,delta=1,noexec
    14                           	psect	idloc,global,abs,ovrld,class=IDLOC,space=5,delta=1,noexec
    15                           	psect	config,global,abs,ovrld,class=CONFIG,space=4,delta=1,noexec
    16  0000                     
    17                           ; Version 2.20
    18                           ; Generated 12/02/2020 GMT
    19                           ; 
    20                           ; Copyright © 2020, Microchip Technology Inc. and its subsidiaries ("Microchip")
    21                           ; All rights reserved.
    22                           ; 
    23                           ; This software is developed by Microchip Technology Inc. and its subsidiaries ("Microch
      +                          ip").
    24                           ; 
    25                           ; Redistribution and use in source and binary forms, with or without modification, are
    26                           ; permitted provided that the following conditions are met:
    27                           ; 
    28                           ;     1. Redistributions of source code must retain the above copyright notice, this lis
      +                          t of
    29                           ;        conditions and the following disclaimer.
    30                           ; 
    31                           ;     2. Redistributions in binary form must reproduce the above copyright notice, this 
      +                          list
    32                           ;        of conditions and the following disclaimer in the documentation and/or other
    33                           ;        materials provided with the distribution.
    34                           ; 
    35                           ;     3. Microchip's name may not be used to endorse or promote products derived from th
      +                          is
    36                           ;        software without specific prior written permission.
    37                           ; 
    38                           ; THIS SOFTWARE IS PROVIDED BY MICROCHIP "AS IS" AND ANY EXPRESS OR IMPLIED WARRANTIES,
    39                           ; INCLUDING, BUT NOT LIMITED TO, THE IMPLIED WARRANTIES OF MERCHANTABILITY AND FITNESS F
      +                          OR
    40                           ; PURPOSE ARE DISCLAIMED.  IN NO EVENT SHALL MICROCHIP BE LIABLE FOR ANY DIRECT, INDIREC
      +                          T,
    41                           ; INCIDENTAL, SPECIAL, EXEMPLARY, OR CONSEQUENTIAL DAMAGES (INCLUDING BUT NOT LIMITED TO
    42                           ; PROCUREMENT OF SUBSTITUTE GOODS OR SERVICES; LOSS OF USE, DATA OR PROFITS; OR BUSINESS
    43                           ; INTERRUPTION) HOWSOEVER CAUSED AND ON ANY THEORY OF LIABILITY, WHETHER IN CONTRACT, ST
      +                          RICT
    44                           ; LIABILITY, OR TORT (INCLUDING NEGLIGENCE OR OTHERWISE) ARISING IN ANY WAY OUT OF THE U
      +                          SE OF
    45                           ; THIS SOFTWARE, EVEN IF ADVISED OF THE POSSIBILITY OF SUCH DAMAGE.
    46                           ; 
    47                           ; 
    48                           ; Code-generator required, PIC18F45K22 Definitions
    49                           ; 
    50                           ; SFR Addresses
    51  0000                     
    52                           	psect	smallconst
    53  000600                     __psmallconst:
    54                           	callstack 0
    55  000600  00                 	db	0
    56  000601                     _Tab_7segments:
    57                           	callstack 0
    58  000601  3F                 	db	63
    59  000602  06                 	db	6
    60  000603  5B                 	db	91
    61  000604  4F                 	db	79
    62  000605  66                 	db	102
    63  000606  6D                 	db	109
    64  000607  7D                 	db	125
    65  000608  07                 	db	7
    66  000609  7F                 	db	127
    67  00060A  6F                 	db	111
    68  00060B                     __end_of_Tab_7segments:
    69                           	callstack 0
    70  00060B  00                 	db	0	; dummy byte at the end
    71  0000                     
    72                           	psect	nvCOMRAM
    73  000001                     __pnvCOMRAM:
    74                           	callstack 0
    75  000001                     _X:
    76                           	callstack 0
    77  000001                     	ds	1
    78  0000                     _ANSELD	set	3899
    79  0000                     _ANSELA	set	3896
    80  0000                     _TRISD	set	3989
    81  0000                     _PORTD	set	3971
    82  0000                     _LATD	set	3980
    83  0000                     _TRISA	set	3986
    84  0000                     _PORTA	set	3968
    85  0000                     _LATA	set	3977
    86                           
    87                           ; #config settings
    88                           
    89                           	psect	cinit
    90  000666                     __pcinit:
    91                           	callstack 0
    92  000666                     start_initialization:
    93                           	callstack 0
    94  000666                     __initialization:
    95                           	callstack 0
    96                           
    97                           ; Clear objects allocated to COMRAM (1 bytes)
    98  000666  6A02               	clrf	__pbssCOMRAM& (0+255),c
    99  000668                     end_of_initialization:
   100                           	callstack 0
   101  000668                     __end_of__initialization:
   102                           	callstack 0
   103  000668  0E00               	movlw	low (__Lsmallconst shr (0+16))
   104  00066A  6EF8               	movwf	tblptru,c
   105  00066C  0E06               	movlw	high __Lsmallconst
   106  00066E  6EF7               	movwf	tblptrh,c
   107  000670  0100               	movlb	0
   108  000672  EF06  F003         	goto	_main	;jump to C main() function
   109                           
   110                           	psect	bssCOMRAM
   111  000002                     __pbssCOMRAM:
   112                           	callstack 0
   113  000002                     _Y:
   114                           	callstack 0
   115  000002                     	ds	1
   116                           
   117                           	psect	cstackCOMRAM
   118  000000                     __pcstackCOMRAM:
   119                           	callstack 0
   120  000000                     
   121                           ; 1 bytes @ 0x0
   122 ;;
   123 ;;Main: autosize = 0, tempsize = 0, incstack = 0, save=0
   124 ;;
   125 ;; *************** function _main *****************
   126 ;; Defined at:
   127 ;;		line 27 in file "main.c"
   128 ;; Parameters:    Size  Location     Type
   129 ;;		None
   130 ;; Auto vars:     Size  Location     Type
   131 ;;		None
   132 ;; Return value:  Size  Location     Type
   133 ;;                  1    wreg      void 
   134 ;; Registers used:
   135 ;;		wreg, status,2, status,0, tblptrl, tblptrh, tblptru, cstack
   136 ;; Tracked objects:
   137 ;;		On entry : 0/0
   138 ;;		On exit  : 0/0
   139 ;;		Unchanged: 0/0
   140 ;; Data sizes:     COMRAM   BANK0   BANK1   BANK2   BANK3   BANK4   BANK5
   141 ;;      Params:         0       0       0       0       0       0       0
   142 ;;      Locals:         0       0       0       0       0       0       0
   143 ;;      Temps:          0       0       0       0       0       0       0
   144 ;;      Totals:         0       0       0       0       0       0       0
   145 ;;Total ram usage:        0 bytes
   146 ;; Hardware stack levels required when called:    1
   147 ;; This function calls:
   148 ;;		_InitPORTS
   149 ;; This function is called by:
   150 ;;		Startup code after reset
   151 ;; This function uses a non-reentrant model
   152 ;;
   153                           
   154                           	psect	text0
   155  00060C                     __ptext0:
   156                           	callstack 0
   157  00060C                     _main:
   158                           	callstack 30
   159  00060C                     
   160                           ;main.c: 28: InitPORTS();
   161  00060C  EC22  F003         	call	_InitPORTS	;wreg free
   162  000610                     l788:
   163                           
   164                           ;main.c: 30: X = PORTA & 0b00001111;
   165  000610  5080               	movf	128,w,c	;volatile
   166  000612  0B0F               	andlw	15
   167  000614  6E01               	movwf	_X^0,c
   168  000616                     
   169                           ;main.c: 31: if (X <= 9) {
   170  000616  0E0A               	movlw	10
   171  000618  6001               	cpfslt	_X^0,c
   172  00061A  EF11  F003         	goto	u11
   173  00061E  EF13  F003         	goto	u10
   174  000622                     u11:
   175  000622  EF08  F003         	goto	l788
   176  000626                     u10:
   177  000626                     
   178                           ;main.c: 32: Y = Tab_7segments[X];
   179  000626  0E01               	movlw	low _Tab_7segments
   180  000628  2401               	addwf	_X^0,w,c
   181  00062A  6EF6               	movwf	tblptrl,c
   182  00062C  6AF7               	clrf	tblptrh,c
   183  00062E  0E06               	movlw	high _Tab_7segments
   184  000630  22F7               	addwfc	tblptrh,f,c
   185  000632                     	if	0	;There are less than 3 active tblptr bytes
   186  000632                     	endif
   187  000632  0008               	tblrd		*
   188  000634  CFF5 F002          	movff	tablat,_Y
   189  000638                     
   190                           ;main.c: 33: LATD = Y;
   191  000638  C002  FF8C         	movff	_Y,3980	;volatile
   192  00063C  EF08  F003         	goto	l788
   193  000640  EF00  F000         	goto	start
   194  000644                     __end_of_main:
   195                           	callstack 0
   196                           
   197 ;; *************** function _InitPORTS *****************
   198 ;; Defined at:
   199 ;;		line 15 in file "main.c"
   200 ;; Parameters:    Size  Location     Type
   201 ;;		None
   202 ;; Auto vars:     Size  Location     Type
   203 ;;		None
   204 ;; Return value:  Size  Location     Type
   205 ;;                  1    wreg      void 
   206 ;; Registers used:
   207 ;;		wreg, status,2
   208 ;; Tracked objects:
   209 ;;		On entry : 0/0
   210 ;;		On exit  : 0/0
   211 ;;		Unchanged: 0/0
   212 ;; Data sizes:     COMRAM   BANK0   BANK1   BANK2   BANK3   BANK4   BANK5
   213 ;;      Params:         0       0       0       0       0       0       0
   214 ;;      Locals:         0       0       0       0       0       0       0
   215 ;;      Temps:          0       0       0       0       0       0       0
   216 ;;      Totals:         0       0       0       0       0       0       0
   217 ;;Total ram usage:        0 bytes
   218 ;; Hardware stack levels used:    1
   219 ;; This function calls:
   220 ;;		Nothing
   221 ;; This function is called by:
   222 ;;		_main
   223 ;; This function uses a non-reentrant model
   224 ;;
   225                           
   226                           	psect	text1
   227  000644                     __ptext1:
   228                           	callstack 0
   229  000644                     _InitPORTS:
   230                           	callstack 30
   231  000644                     
   232                           ;main.c: 16: ANSELA = 0x00;
   233  000644  0E00               	movlw	0
   234  000646  010F               	movlb	15	; () banked
   235  000648  6F38               	movwf	56,b	;volatile
   236                           
   237                           ;main.c: 17: LATA = 0x00;
   238  00064A  0E00               	movlw	0
   239  00064C  6E89               	movwf	137,c	;volatile
   240                           
   241                           ;main.c: 18: PORTA = 0x00;
   242  00064E  0E00               	movlw	0
   243  000650  6E80               	movwf	128,c	;volatile
   244  000652                     
   245                           ; BSR set to: 15
   246                           ;main.c: 19: TRISA = 0xFF;
   247  000652  6892               	setf	146,c	;volatile
   248                           
   249                           ;main.c: 21: ANSELD = 0x00;
   250  000654  0E00               	movlw	0
   251  000656  6F3B               	movwf	59,b	;volatile
   252                           
   253                           ;main.c: 22: LATD = 0x00;
   254  000658  0E00               	movlw	0
   255  00065A  6E8C               	movwf	140,c	;volatile
   256                           
   257                           ;main.c: 23: PORTD = 0x00;
   258  00065C  0E00               	movlw	0
   259  00065E  6E83               	movwf	131,c	;volatile
   260                           
   261                           ;main.c: 24: TRISD = 0x00;
   262  000660  0E00               	movlw	0
   263  000662  6E95               	movwf	149,c	;volatile
   264  000664                     
   265                           ; BSR set to: 15
   266  000664  0012               	return		;funcret
   267  000666                     __end_of_InitPORTS:
   268                           	callstack 0
   269                           
   270                           	psect	rparam
   271  0000                     
   272                           	psect	idloc
   273                           
   274                           ;Config register IDLOC0 @ 0x200000
   275                           ;	unspecified, using default values
   276  200000                     	org	2097152
   277  200000  FF                 	db	255
   278                           
   279                           ;Config register IDLOC1 @ 0x200001
   280                           ;	unspecified, using default values
   281  200001                     	org	2097153
   282  200001  FF                 	db	255
   283                           
   284                           ;Config register IDLOC2 @ 0x200002
   285                           ;	unspecified, using default values
   286  200002                     	org	2097154
   287  200002  FF                 	db	255
   288                           
   289                           ;Config register IDLOC3 @ 0x200003
   290                           ;	unspecified, using default values
   291  200003                     	org	2097155
   292  200003  FF                 	db	255
   293                           
   294                           ;Config register IDLOC4 @ 0x200004
   295                           ;	unspecified, using default values
   296  200004                     	org	2097156
   297  200004  FF                 	db	255
   298                           
   299                           ;Config register IDLOC5 @ 0x200005
   300                           ;	unspecified, using default values
   301  200005                     	org	2097157
   302  200005  FF                 	db	255
   303                           
   304                           ;Config register IDLOC6 @ 0x200006
   305                           ;	unspecified, using default values
   306  200006                     	org	2097158
   307  200006  FF                 	db	255
   308                           
   309                           ;Config register IDLOC7 @ 0x200007
   310                           ;	unspecified, using default values
   311  200007                     	org	2097159
   312  200007  FF                 	db	255
   313                           
   314                           	psect	config
   315                           
   316                           ; Padding undefined space
   317  300000                     	org	3145728
   318  300000  FF                 	db	255
   319                           
   320                           ;Config register CONFIG1H @ 0x300001
   321                           ;	Oscillator Selection bits
   322                           ;	FOSC = HSMP, HS oscillator (medium power 4-16 MHz)
   323                           ;	4X PLL Enable
   324                           ;	PLLCFG = OFF, Oscillator used directly
   325                           ;	Primary clock enable bit
   326                           ;	PRICLKEN = ON, Primary clock is always enabled
   327                           ;	Fail-Safe Clock Monitor Enable bit
   328                           ;	FCMEN = OFF, Fail-Safe Clock Monitor disabled
   329                           ;	Internal/External Oscillator Switchover bit
   330                           ;	IESO = OFF, Oscillator Switchover mode disabled
   331  300001                     	org	3145729
   332  300001  23                 	db	35
   333                           
   334                           ;Config register CONFIG2L @ 0x300002
   335                           ;	Power-up Timer Enable bit
   336                           ;	PWRTEN = OFF, Power up timer disabled
   337                           ;	Brown-out Reset Enable bits
   338                           ;	BOREN = SBORDIS, Brown-out Reset enabled in hardware only (SBOREN is disabled)
   339                           ;	Brown Out Reset Voltage bits
   340                           ;	BORV = 190, VBOR set to 1.90 V nominal
   341  300002                     	org	3145730
   342  300002  1F                 	db	31
   343                           
   344                           ;Config register CONFIG2H @ 0x300003
   345                           ;	Watchdog Timer Enable bits
   346                           ;	WDTEN = OFF, Watch dog timer is always disabled. SWDTEN has no effect.
   347                           ;	Watchdog Timer Postscale Select bits
   348                           ;	WDTPS = 32768, 1:32768
   349  300003                     	org	3145731
   350  300003  3C                 	db	60
   351                           
   352                           ; Padding undefined space
   353  300004                     	org	3145732
   354  300004  FF                 	db	255
   355                           
   356                           ;Config register CONFIG3H @ 0x300005
   357                           ;	CCP2 MUX bit
   358                           ;	CCP2MX = PORTB3, CCP2 input/output is multiplexed with RB3
   359                           ;	PORTB A/D Enable bit
   360                           ;	PBADEN = OFF, PORTB<5:0> pins are configured as digital I/O on Reset
   361                           ;	P3A/CCP3 Mux bit
   362                           ;	CCP3MX = PORTB5, P3A/CCP3 input/output is multiplexed with RB5
   363                           ;	HFINTOSC Fast Start-up
   364                           ;	HFOFST = ON, HFINTOSC output and ready status are not delayed by the oscillator stable
      +                           status
   365                           ;	Timer3 Clock input mux bit
   366                           ;	T3CMX = PORTC0, T3CKI is on RC0
   367                           ;	ECCP2 B output mux bit
   368                           ;	P2BMX = PORTD2, P2B is on RD2
   369                           ;	MCLR Pin Enable bit
   370                           ;	MCLRE = EXTMCLR, MCLR pin enabled, RE3 input pin disabled
   371  300005                     	org	3145733
   372  300005  BC                 	db	188
   373                           
   374                           ;Config register CONFIG4L @ 0x300006
   375                           ;	Stack Full/Underflow Reset Enable bit
   376                           ;	STVREN = ON, Stack full/underflow will cause Reset
   377                           ;	Single-Supply ICSP Enable bit
   378                           ;	LVP = OFF, Single-Supply ICSP disabled
   379                           ;	Extended Instruction Set Enable bit
   380                           ;	XINST = OFF, Instruction set extension and Indexed Addressing mode disabled (Legacy mo
      +                          de)
   381                           ;	Background Debug
   382                           ;	DEBUG = OFF, Disabled
   383  300006                     	org	3145734
   384  300006  81                 	db	129
   385                           
   386                           ; Padding undefined space
   387  300007                     	org	3145735
   388  300007  FF                 	db	255
   389                           
   390                           ;Config register CONFIG5L @ 0x300008
   391                           ;	Code Protection Block 0
   392                           ;	CP0 = OFF, Block 0 (000800-001FFFh) not code-protected
   393                           ;	Code Protection Block 1
   394                           ;	CP1 = OFF, Block 1 (002000-003FFFh) not code-protected
   395                           ;	Code Protection Block 2
   396                           ;	CP2 = OFF, Block 2 (004000-005FFFh) not code-protected
   397                           ;	Code Protection Block 3
   398                           ;	CP3 = OFF, Block 3 (006000-007FFFh) not code-protected
   399  300008                     	org	3145736
   400  300008  0F                 	db	15
   401                           
   402                           ;Config register CONFIG5H @ 0x300009
   403                           ;	Boot Block Code Protection bit
   404                           ;	CPB = OFF, Boot block (000000-0007FFh) not code-protected
   405                           ;	Data EEPROM Code Protection bit
   406                           ;	CPD = OFF, Data EEPROM not code-protected
   407  300009                     	org	3145737
   408  300009  C0                 	db	192
   409                           
   410                           ;Config register CONFIG6L @ 0x30000A
   411                           ;	Write Protection Block 0
   412                           ;	WRT0 = OFF, Block 0 (000800-001FFFh) not write-protected
   413                           ;	Write Protection Block 1
   414                           ;	WRT1 = OFF, Block 1 (002000-003FFFh) not write-protected
   415                           ;	Write Protection Block 2
   416                           ;	WRT2 = OFF, Block 2 (004000-005FFFh) not write-protected
   417                           ;	Write Protection Block 3
   418                           ;	WRT3 = OFF, Block 3 (006000-007FFFh) not write-protected
   419  30000A                     	org	3145738
   420  30000A  0F                 	db	15
   421                           
   422                           ;Config register CONFIG6H @ 0x30000B
   423                           ;	Configuration Register Write Protection bit
   424                           ;	WRTC = OFF, Configuration registers (300000-3000FFh) not write-protected
   425                           ;	Boot Block Write Protection bit
   426                           ;	WRTB = OFF, Boot Block (000000-0007FFh) not write-protected
   427                           ;	Data EEPROM Write Protection bit
   428                           ;	WRTD = OFF, Data EEPROM not write-protected
   429  30000B                     	org	3145739
   430  30000B  E0                 	db	224
   431                           
   432                           ;Config register CONFIG7L @ 0x30000C
   433                           ;	Table Read Protection Block 0
   434                           ;	EBTR0 = OFF, Block 0 (000800-001FFFh) not protected from table reads executed in other
      +                           blocks
   435                           ;	Table Read Protection Block 1
   436                           ;	EBTR1 = OFF, Block 1 (002000-003FFFh) not protected from table reads executed in other
      +                           blocks
   437                           ;	Table Read Protection Block 2
   438                           ;	EBTR2 = 0x1, unprogrammed default
   439                           ;	Table Read Protection Block 3
   440                           ;	EBTR3 = 0x1, unprogrammed default
   441  30000C                     	org	3145740
   442  30000C  0F                 	db	15
   443                           
   444                           ;Config register CONFIG7H @ 0x30000D
   445                           ;	Boot Block Table Read Protection bit
   446                           ;	EBTRB = OFF, Boot Block (000000-0007FFh) not protected from table reads executed in ot
      +                          her blocks
   447  30000D                     	org	3145741
   448  30000D  40                 	db	64
   449                           tosu	equ	0xFFF
   450                           tosh	equ	0xFFE
   451                           tosl	equ	0xFFD
   452                           stkptr	equ	0xFFC
   453                           pclatu	equ	0xFFB
   454                           pclath	equ	0xFFA
   455                           pcl	equ	0xFF9
   456                           tblptru	equ	0xFF8
   457                           tblptrh	equ	0xFF7
   458                           tblptrl	equ	0xFF6
   459                           tablat	equ	0xFF5
   460                           prodh	equ	0xFF4
   461                           prodl	equ	0xFF3
   462                           indf0	equ	0xFEF
   463                           postinc0	equ	0xFEE
   464                           postdec0	equ	0xFED
   465                           preinc0	equ	0xFEC
   466                           plusw0	equ	0xFEB
   467                           fsr0h	equ	0xFEA
   468                           fsr0l	equ	0xFE9
   469                           wreg	equ	0xFE8
   470                           indf1	equ	0xFE7
   471                           postinc1	equ	0xFE6
   472                           postdec1	equ	0xFE5
   473                           preinc1	equ	0xFE4
   474                           plusw1	equ	0xFE3
   475                           fsr1h	equ	0xFE2
   476                           fsr1l	equ	0xFE1
   477                           bsr	equ	0xFE0
   478                           indf2	equ	0xFDF
   479                           postinc2	equ	0xFDE
   480                           postdec2	equ	0xFDD
   481                           preinc2	equ	0xFDC
   482                           plusw2	equ	0xFDB
   483                           fsr2h	equ	0xFDA
   484                           fsr2l	equ	0xFD9
   485                           status	equ	0xFD8

Data Sizes:
    Strings     0
    Constant    10
    Data        0
    BSS         1
    Persistent  1
    Stack       0

Auto Spaces:
    Space          Size  Autos    Used
    COMRAM           95      0       2
    BANK0           160      0       0
    BANK1           256      0       0
    BANK2           256      0       0
    BANK3           256      0       0
    BANK4           256      0       0
    BANK5           256      0       0

Pointer List with Targets:

    None.

Critical Paths under _main in COMRAM

    None.

Critical Paths under _main in BANK0

    None.

Critical Paths under _main in BANK1

    None.

Critical Paths under _main in BANK2

    None.

Critical Paths under _main in BANK3

    None.

Critical Paths under _main in BANK4

    None.

Critical Paths under _main in BANK5

    None.

Call Graph Tables:

 ---------------------------------------------------------------------------------
 (Depth) Function   	        Calls       Base Space   Used Autos Params    Refs
 ---------------------------------------------------------------------------------
 (0) _main                                                 0     0      0       0
                          _InitPORTS
 ---------------------------------------------------------------------------------
 (1) _InitPORTS                                            0     0      0       0
 ---------------------------------------------------------------------------------
 Estimated maximum stack depth 1
 ---------------------------------------------------------------------------------

 Call Graph Graphs:

 _main (ROOT)
   _InitPORTS

 Address spaces:
Name               Size   Autos  Total    Cost      Usage
BIGRAM             5FF      0       0      16        0.0%
EEDATA             100      0       0       0        0.0%
BITBANK5           100      0       0      14        0.0%
BANK5              100      0       0      15        0.0%
BITBANK4           100      0       0      12        0.0%
BANK4              100      0       0      13        0.0%
BITBANK3           100      0       0      10        0.0%
BANK3              100      0       0      11        0.0%
BITBANK2           100      0       0       7        0.0%
BANK2              100      0       0       8        0.0%
BITBANK1           100      0       0       5        0.0%
BANK1              100      0       0       6        0.0%
BITBANK0            A0      0       0       3        0.0%
BANK0               A0      0       0       4        0.0%
BITCOMRAM           5F      0       0       0        0.0%
COMRAM              5F      0       2       1        2.1%
BITSFR_1             0      0       0     200        0.0%
SFR_1                0      0       0     200        0.0%
BITSFR               0      0       0     200        0.0%
SFR                  0      0       0     200        0.0%
STACK                0      0       0       2        0.0%
NULL                 0      0       0       0        0.0%
ABS                  0      0       2       9        0.0%
DATA                 0      0       2      17        0.0%
CODE                 0      0       0       0        0.0%


Microchip Technology PIC18 Macro Assembler V2.30 build 20200825195618 
Symbol Table                                                                                   Sun Jan 03 16:29:19 2021

                      _X 0001                        _Y 0002                       l25 0664  
                     u10 0626                       u11 0622                      l782 0644  
                    l790 0616                      l784 0652                      l792 0626  
                    l794 0638                      l786 060C                      l788 0610  
                   _LATA 000F89                     _LATD 000F8C                     _main 060C  
                   start 0000             ___param_bank 000000                    ?_main 0000  
                  _PORTA 000F80                    _PORTD 000F83                    _TRISA 000F92  
                  _TRISD 000F95                    tablat 000FF5          __initialization 0666  
           __end_of_main 0644                   ??_main 0000            __activetblptr 000001  
                 _ANSELA 000F38                   _ANSELD 000F3B       __size_of_InitPORTS 0022  
           __mediumconst 0000                   tblptrh 000FF7                   tblptrl 000FF6  
                 tblptru 000FF8               __accesstop 0060  __end_of__initialization 0668  
          ___rparam_used 000001           __pcstackCOMRAM 0000        __end_of_InitPORTS 0666  
             __pnvCOMRAM 0001                  __Hparam 0000                  __Lparam 0000  
           __psmallconst 0600                  __pcinit 0666                  __ramtop 0600  
                __ptext0 060C                  __ptext1 0644     end_of_initialization 0668  
  __end_of_Tab_7segments 060B                _InitPORTS 0644      start_initialization 0666  
             ?_InitPORTS 0000              __pbssCOMRAM 0002              __smallconst 0600  
            ??_InitPORTS 0000                 __Hrparam 0000                 __Lrparam 0000  
           __Lsmallconst 0600            __size_of_main 0038            _Tab_7segments 0601  
